<?xml version="1.0" encoding="UTF-8"?>
<!-- Generated by org.testng.reporters.JUnitReportReporter -->
<testsuite hostname="DESKTOP-TP3TBSO" failures="0" tests="1" name="Register.TC_06" time="9.434" errors="0" timestamp="2025-05-18T15:07:27 IST" skipped="0">
  <testcase classname="Register.TC_06" name="TestCase06" time="9.434"/>
</testsuite> <!-- Register.TC_06 -->
