<?xml version="1.0" encoding="UTF-8"?>
<!-- Generated by org.testng.reporters.JUnitReportReporter -->
<testsuite hostname="DESKTOP-TP3TBSO" failures="0" tests="1" name="Register.TC_07" time="13.771" errors="0" timestamp="2025-05-20T17:49:07 IST" skipped="0">
  <testcase classname="Register.TC_07" name="TestCase07" time="13.771"/>
</testsuite> <!-- Register.TC_07 -->
