<?xml version="1.0" encoding="UTF-8"?>
<!-- Generated by org.testng.reporters.JUnitReportReporter -->
<testsuite hostname="DESKTOP-TP3TBSO" failures="0" tests="1" name="Register.TC_04" time="6.459" errors="0" timestamp="2025-05-18T14:36:45 IST" skipped="0">
  <testcase classname="Register.TC_04" name="TestCase04" time="6.459"/>
</testsuite> <!-- Register.TC_04 -->
