<?xml version="1.0" encoding="UTF-8"?>
<!-- Generated by org.testng.reporters.JUnitReportReporter -->
<testsuite hostname="DESKTOP-TP3TBSO" failures="0" tests="1" name="Register.TC_02" time="4.870" errors="0" timestamp="2025-05-18T12:56:05 IST" skipped="0">
  <testcase classname="Register.TC_02" name="MailConfirmation" time="4.870"/>
</testsuite> <!-- Register.TC_02 -->
