<?xml version="1.0" encoding="UTF-8"?>
<!-- Generated by org.testng.reporters.JUnitReportReporter -->
<testsuite hostname="DESKTOP-TP3TBSO" failures="0" tests="1" name="Register.TC_08" time="8.257" errors="0" timestamp="2025-05-20T18:46:52 IST" skipped="0">
  <testcase classname="Register.TC_08" name="TestCase08" time="8.257"/>
</testsuite> <!-- Register.TC_08 -->
