<?xml version="1.0" encoding="UTF-8"?>
<!-- Generated by org.testng.reporters.JUnitReportReporter -->
<testsuite hostname="DESKTOP-TP3TBSO" failures="0" tests="1" name="Register.TC_05" time="9.153" errors="0" timestamp="2025-05-18T15:02:02 IST" skipped="0">
  <testcase classname="Register.TC_05" name="TestCase02" time="9.153"/>
</testsuite> <!-- Register.TC_05 -->
