<?xml version="1.0" encoding="UTF-8"?>
<!-- Generated by org.testng.reporters.JUnitReportReporter -->
<testsuite hostname="DESKTOP-TP3TBSO" failures="0" tests="1" name="Register.TC_03Copy" time="6.882" errors="0" timestamp="2025-05-24T21:51:40 IST" skipped="0">
  <testcase classname="Register.TC_03Copy" name="TestCase02" time="6.882"/>
</testsuite> <!-- Register.TC_03Copy -->
