<?xml version="1.0" encoding="UTF-8"?>
<!-- Generated by org.testng.reporters.JUnitReportReporter -->
<testsuite hostname="DESKTOP-TP3TBSO" failures="0" tests="1" name="Register.TC_01" time="10.420" errors="0" timestamp="2025-05-17T17:26:21 IST" skipped="0">
  <testcase classname="Register.TC_01" name="TestCase01" time="10.420"/>
</testsuite> <!-- Register.TC_01 -->
