<?xml version="1.0" encoding="UTF-8"?>
<!-- Generated by org.testng.reporters.JUnitReportReporter -->
<testsuite hostname="DESKTOP-TP3TBSO" failures="0" tests="1" name="Register.TC_03" time="11.549" errors="0" timestamp="2025-05-20T18:34:09 IST" skipped="0">
  <testcase classname="Register.TC_03" name="TestCase02" time="11.549"/>
</testsuite> <!-- Register.TC_03 -->
